2026-01-06 10:17:29,650 - INFO - 🚀 Starting Daily Permit Scraper (Workers + Proxy + JSONL)
2026-01-06 10:17:29,650 - INFO - Base file: bat_yam_permits_data_2026_01_03.json
2026-01-06 10:17:29,652 - INFO - Relevant IDs to update: 174
2026-01-06 10:17:29,652 - INFO - Starting ThreadPoolExecutor with 5 workers...
2026-01-06 10:17:29,653 - INFO - 🔄 Updating 20250293...
2026-01-06 10:17:29,653 - INFO - 🔄 Updating 20250302...
2026-01-06 10:17:29,653 - INFO - 🔄 Updating 20260002...
2026-01-06 10:17:29,653 - INFO - 🔄 Updating 20250943...
2026-01-06 10:17:29,653 - INFO - 🔄 Updating 20250945...
2026-01-06 10:17:31,303 - INFO - 🔄 Updating 20250309...
2026-01-06 10:17:31,325 - INFO - 🔄 Updating 20250929...
2026-01-06 10:17:31,437 - INFO - 🔄 Updating 20250726...
2026-01-06 10:17:31,502 - INFO - 🔄 Updating 20250823...
2026-01-06 10:17:31,505 - INFO - 🔄 Updating 20250031...
2026-01-06 10:17:32,950 - INFO - 🔄 Updating 20250806...
2026-01-06 10:17:32,984 - INFO - 🔄 Updating 20250820...
2026-01-06 10:17:32,984 - INFO - 🔄 Updating 20250631...
2026-01-06 10:17:33,153 - INFO - 🔄 Updating 20250350...
2026-01-06 10:17:34,887 - INFO - 🔄 Updating 20250956...
2026-01-06 10:17:35,071 - INFO - 🔄 Updating 20250630...
2026-01-06 10:17:35,111 - INFO - 🔄 Updating 20250886...
2026-01-06 10:17:35,122 - INFO - 🔄 Updating 20250942...
2026-01-06 10:17:35,220 - INFO - 🔄 Updating 20250883...
2026-01-06 10:17:36,315 - INFO - 🔄 Updating 20250955...
2026-01-06 10:17:36,747 - INFO - 🔄 Updating 20250691...
2026-01-06 10:17:36,772 - INFO - 🔄 Updating 20250663...
2026-01-06 10:17:36,847 - INFO - 🔄 Updating 20250765...
2026-01-06 10:17:36,900 - INFO - 🔄 Updating 20250734...
2026-01-06 10:17:38,409 - INFO - 🔄 Updating 20250574...
2026-01-06 10:17:38,943 - INFO - 🔄 Updating 20250936...
2026-01-06 10:17:39,552 - INFO - 🔄 Updating 20250958...
2026-01-06 10:17:39,556 - INFO - 🔄 Updating 20250597...
2026-01-06 10:17:39,686 - INFO - 🔄 Updating 20250903...
2026-01-06 10:17:40,379 - INFO - 🔄 Updating 20250902...
2026-01-06 10:17:40,781 - INFO - 🔄 Updating 20250954...
2026-01-06 10:17:40,787 - INFO - 🔄 Updating 20250217...
2026-01-06 10:17:41,078 - INFO - 🔄 Updating 20250146...
2026-01-06 10:17:41,764 - INFO - 🔄 Updating 20250884...
2026-01-06 10:17:43,144 - INFO - 🔄 Updating 20250299...
2026-01-06 10:17:43,146 - ERROR - Error fetching 20250902 (Attempt 1): 502 Server Error: Unexpected Status 502 (a2a_tun_open.a2a_exception.probe_timeout) for url: https://handasi.complot.co.il/magicscripts/mgrqispi.dll?appname=cixpa&prgname=GetBakashaFile&siteid=81&b=20250902&arguments=siteid,b
2026-01-06 10:17:44,644 - INFO - 🔄 Updating 20250937...
2026-01-06 10:17:44,742 - INFO - 🔄 Updating 20250905...
2026-01-06 10:17:45,495 - INFO - 🔄 Updating 20250619...
2026-01-06 10:17:45,654 - ERROR - Error fetching 20250937 (Attempt 1): 502 Server Error: Unexpected Status 502 (no_peer) for url: https://handasi.complot.co.il/magicscripts/mgrqispi.dll?appname=cixpa&prgname=GetBakashaFile&siteid=81&b=20250937&arguments=siteid,b
2026-01-06 10:17:46,359 - INFO - 🔄 Updating 20250844...
2026-01-06 10:17:47,093 - INFO - 🔄 Updating 20250885...
2026-01-06 10:17:47,458 - INFO - 🔄 Updating 20250865...
2026-01-06 10:17:48,266 - INFO - 🔄 Updating 20250682...
2026-01-06 10:17:48,536 - INFO - 🔄 Updating 20250649...
2026-01-06 10:17:48,591 - INFO - 🔄 Updating 20250749...
2026-01-06 10:17:48,818 - INFO - 🔄 Updating 20250866...
2026-01-06 10:17:49,690 - INFO - 🔄 Updating 20250920...
2026-01-06 10:17:49,981 - INFO - 🔄 Updating 20250840...
2026-01-06 10:17:50,267 - INFO - 🔄 Updating 20250922...
2026-01-06 10:17:51,258 - INFO - 🔄 Updating 20250794...
2026-01-06 10:17:51,753 - INFO - 🔄 Updating 20250909...
2026-01-06 10:17:51,857 - INFO - 🔄 Updating 20250766...
2026-01-06 10:17:52,705 - INFO - 🔄 Updating 20250796...
2026-01-06 10:17:53,255 - INFO - 🔄 Updating 20250768...
2026-01-06 10:17:53,421 - INFO - 🔄 Updating 20250743...
2026-01-06 10:17:54,029 - ERROR - Error fetching 20250884 (Attempt 1): 502 Server Error: Proxy Connect Timeout for url: https://handasi.complot.co.il/magicscripts/mgrqispi.dll?appname=cixpa&prgname=GetBakashaFile&siteid=81&b=20250884&arguments=siteid,b
2026-01-06 10:17:54,934 - INFO - 🔄 Updating 20250763...
2026-01-06 10:17:55,017 - INFO - 🔄 Updating 20250750...
2026-01-06 10:17:55,877 - INFO - 🔄 Updating 20250793...
2026-01-06 10:17:56,073 - INFO - 🔄 Updating 20250805...
2026-01-06 10:17:56,835 - INFO - 🔄 Updating 20250701...
2026-01-06 10:17:57,158 - INFO - 🔄 Updating 20250094...
2026-01-06 10:17:57,341 - INFO - 🔄 Updating 20250590...
2026-01-06 10:17:57,514 - INFO - 🔄 Updating 20250722...
2026-01-06 10:17:57,784 - INFO - 🔄 Updating 20250623...
2026-01-06 10:17:58,124 - INFO - 🔄 Updating 20250407...
2026-01-06 10:17:58,372 - INFO - 🔄 Updating 20250255...
2026-01-06 10:17:58,594 - INFO - 🔄 Updating 20250171...
2026-01-06 10:17:58,833 - INFO - 🔄 Updating 20250807...
2026-01-06 10:17:59,196 - INFO - 🔄 Updating 20250814...
2026-01-06 10:18:00,824 - INFO - 🔄 Updating 20250815...
2026-01-06 10:18:01,157 - INFO - 🔄 Updating 20250659...
2026-01-06 10:18:01,327 - INFO - 🔄 Updating 20250817...
2026-01-06 10:18:01,327 - INFO - 🔄 Updating 20250818...
2026-01-06 10:18:02,572 - INFO - 🔄 Updating 20250816...
2026-01-06 10:18:02,916 - INFO - 🔄 Updating 20250351...
2026-01-06 10:18:03,542 - INFO - 🔄 Updating 20250377...
2026-01-06 10:18:04,159 - INFO - 🔄 Updating 20250825...
2026-01-06 10:18:04,579 - INFO - 🔄 Updating 20250633...
2026-01-06 10:18:04,959 - INFO - 🔄 Updating 20250653...
2026-01-06 10:18:05,216 - INFO - 🔄 Updating 20250666...
2026-01-06 10:18:06,235 - INFO - 🔄 Updating 20250692...
2026-01-06 10:18:06,297 - INFO - 🔄 Updating 20250759...
2026-01-06 10:18:06,392 - INFO - 🔄 Updating 20250661...
2026-01-06 10:18:07,763 - INFO - 🔄 Updating 20250144...
2026-01-06 10:18:07,959 - INFO - 🔄 Updating 20250405...
2026-01-06 10:18:08,373 - INFO - 🔄 Updating 20250553...
2026-01-06 10:18:08,671 - INFO - 🔄 Updating 20250490...
2026-01-06 10:18:08,739 - INFO - 🔄 Updating 20250486...
2026-01-06 10:18:09,482 - ERROR - Error fetching 20250486 (Attempt 1): 502 Server Error: Unexpected Status 502 (no_peer) for url: https://handasi.complot.co.il/magicscripts/mgrqispi.dll?appname=cixpa&prgname=GetBakashaFile&siteid=81&b=20250486&arguments=siteid,b
2026-01-06 10:18:09,558 - INFO - 🔄 Updating 20250186...
2026-01-06 10:18:09,595 - INFO - 🔄 Updating 20250505...
2026-01-06 10:18:10,035 - INFO - 🔄 Updating 20250664...
2026-01-06 10:18:10,409 - INFO - 🔄 Updating 20250521...
2026-01-06 10:18:10,922 - INFO - 🔄 Updating 20250376...
2026-01-06 10:18:11,458 - INFO - 🔄 Updating 20250687...
2026-01-06 10:18:11,767 - INFO - 🔄 Updating 20250279...
2026-01-06 10:18:12,540 - INFO - 🔄 Updating 20250220...
2026-01-06 10:18:12,867 - INFO - 🔄 Updating 20250289...
2026-01-06 10:18:13,470 - INFO - 🔄 Updating 20250323...
2026-01-06 10:18:13,538 - INFO - 🔄 Updating 20250648...
2026-01-06 10:18:13,582 - INFO - 🔄 Updating 20250646...
2026-01-06 10:18:13,994 - INFO - 🔄 Updating 20250457...
2026-01-06 10:18:14,744 - INFO - 🔄 Updating 20250592...
2026-01-06 10:18:14,955 - INFO - 🔄 Updating 20250606...
2026-01-06 10:18:14,982 - INFO - 🔄 Updating 20250453...
2026-01-06 10:18:15,003 - INFO - 🔄 Updating 20250545...
2026-01-06 10:18:15,491 - INFO - 🔄 Updating 20250525...
2026-01-06 10:18:16,397 - INFO - 🔄 Updating 20250436...
2026-01-06 10:18:16,466 - INFO - 🔄 Updating 20250543...
2026-01-06 10:18:16,731 - INFO - 🔄 Updating 20250392...
2026-01-06 10:18:16,755 - INFO - 🔄 Updating 20250387...
2026-01-06 10:18:17,126 - INFO - 🔄 Updating 20250451...
2026-01-06 10:18:19,452 - INFO - 🔄 Updating 20250480...
2026-01-06 10:18:19,455 - INFO - 🔄 Updating 20250411...
2026-01-06 10:18:19,522 - INFO - 🔄 Updating 20250403...
2026-01-06 10:18:19,846 - INFO - 🔄 Updating 20250393...
2026-01-06 10:18:20,100 - INFO - 🔄 Updating 20250388...
2026-01-06 10:18:22,077 - INFO - 🔄 Updating 20250427...
2026-01-06 10:18:22,416 - INFO - 🔄 Updating 20250416...
2026-01-06 10:18:22,452 - INFO - 🔄 Updating 20250374...
2026-01-06 10:18:22,455 - INFO - 🔄 Updating 20250398...
2026-01-06 10:18:22,833 - INFO - 🔄 Updating 20250408...
2026-01-06 10:18:25,176 - INFO - 🔄 Updating 20250491...
2026-01-06 10:18:25,286 - INFO - 🔄 Updating 20250344...
2026-01-06 10:18:26,983 - INFO - 🔄 Updating 20250492...
2026-01-06 10:18:27,014 - INFO - 🔄 Updating 20250487...
2026-01-06 10:18:27,050 - INFO - 🔄 Updating 20250483...
2026-01-06 10:18:27,733 - INFO - 🔄 Updating 20250277...
2026-01-06 10:18:29,318 - INFO - 🔄 Updating 20250283...
2026-01-06 10:18:29,753 - INFO - 🔄 Updating 20250349...
2026-01-06 10:18:30,419 - INFO - 🔄 Updating 20250261...
2026-01-06 10:18:31,123 - INFO - 🔄 Updating 20250152...
2026-01-06 10:18:31,288 - INFO - 🔄 Updating 20250325...
2026-01-06 10:18:31,381 - INFO - 🔄 Updating 20250313...
2026-01-06 10:18:31,381 - INFO - 🔄 Updating 20250345...
2026-01-06 10:18:31,919 - INFO - 🔄 Updating 20250270...
2026-01-06 10:18:32,370 - INFO - 🔄 Updating 20250254...
2026-01-06 10:18:32,521 - INFO - 🔄 Updating 20250241...
2026-01-06 10:18:32,547 - INFO - 🔄 Updating 20250259...
2026-01-06 10:18:33,553 - INFO - 🔄 Updating 20250197...
2026-01-06 10:18:34,214 - INFO - 🔄 Updating 20250263...
2026-01-06 10:18:34,214 - INFO - 🔄 Updating 20250219...
2026-01-06 10:18:34,588 - INFO - 🔄 Updating 20250286...
2026-01-06 10:18:35,355 - INFO - 🔄 Updating 20250196...
2026-01-06 10:18:35,905 - INFO - 🔄 Updating 20250192...
2026-01-06 10:18:36,444 - INFO - 🔄 Updating 20250194...
2026-01-06 10:18:36,771 - INFO - 🔄 Updating 20250175...
2026-01-06 10:18:37,104 - ERROR - Error fetching 20250263 (Attempt 1): 502 Server Error: Unexpected Status 502 (a2a_tun_open.a2a_exception.probe_timeout) for url: https://handasi.complot.co.il/magicscripts/mgrqispi.dll?appname=cixpa&prgname=GetBakashaFile&siteid=81&b=20250263&arguments=siteid,b
2026-01-06 10:18:37,363 - INFO - 🔄 Updating 20250303...
2026-01-06 10:18:38,801 - INFO - 🔄 Updating 20250172...
2026-01-06 10:18:39,064 - INFO - 🔄 Updating 20250183...
2026-01-06 10:18:39,621 - INFO - 🔄 Updating 20250113...
2026-01-06 10:18:39,830 - INFO - 🔄 Updating 20250165...
2026-01-06 10:18:40,228 - INFO - 🔄 Updating 20250242...
2026-01-06 10:18:40,750 - INFO - 🔄 Updating 20250191...
2026-01-06 10:18:41,097 - INFO - 🔄 Updating 20250141...
2026-01-06 10:18:41,228 - INFO - 🔄 Updating 20250173...
2026-01-06 10:18:41,504 - INFO - 🔄 Updating 20250160...
2026-01-06 10:18:41,614 - INFO - 🔄 Updating 20250033...
2026-01-06 10:18:42,339 - INFO - 🔄 Updating 20250128...
2026-01-06 10:18:42,735 - INFO - 🔄 Updating 20250126...
2026-01-06 10:18:42,735 - INFO - 🔄 Updating 20250134...
2026-01-06 10:18:43,344 - INFO - 🔄 Updating 20250121...
2026-01-06 10:18:45,529 - INFO - 🔄 Updating 20250123...
2026-01-06 10:18:45,913 - INFO - 🔄 Updating 20250127...
2026-01-06 10:18:45,913 - INFO - 🔄 Updating 20250114...
2026-01-06 10:18:46,047 - INFO - 🔄 Updating 20250098...
2026-01-06 10:18:47,185 - INFO - 🔄 Updating 20250176...
2026-01-06 10:18:47,339 - INFO - 🔄 Updating 20250125...
2026-01-06 10:18:47,631 - INFO - 🔄 Updating 20250079...
2026-01-06 10:18:47,635 - INFO - 🔄 Updating 20250091...
2026-01-06 10:18:48,671 - INFO - 🔄 Updating 20250069...
2026-01-06 10:18:48,769 - INFO - 🔄 Updating 20250124...
2026-01-06 10:18:48,815 - INFO - 🔄 Updating 20250080...
2026-01-06 10:18:51,399 - INFO - 🔄 Updating 20250063...
2026-01-06 10:18:51,415 - INFO - 🔄 Updating 20250029...
2026-01-06 10:18:52,050 - INFO - 🔄 Updating 20250012...
2026-01-06 10:28:57,790 - INFO - 🚀 Starting Daily Permit Scraper (Workers + Proxy + JSONL)
2026-01-06 10:28:57,790 - INFO - Base file: bat_yam_permits_data_2026_01_03.json
2026-01-06 10:28:57,792 - INFO - Relevant IDs to update: 174
2026-01-06 10:28:57,792 - INFO - Starting ThreadPoolExecutor with 5 workers...
2026-01-06 10:28:57,793 - INFO - 🔄 Updating 20250293...
2026-01-06 10:28:57,793 - INFO - 🔄 Updating 20250302...
2026-01-06 10:28:57,793 - INFO - 🔄 Updating 20260002...
2026-01-06 10:28:57,793 - INFO - 🔄 Updating 20250943...
2026-01-06 10:28:57,793 - INFO - 🔄 Updating 20250945...
2026-01-06 10:28:57,795 - INFO - Found NEW opportunity 20250008
2026-01-06 10:29:00,466 - INFO - 🔄 Updating 20250309...
2026-01-06 10:29:00,582 - INFO - 🔄 Updating 20250929...
2026-01-06 10:29:00,617 - INFO - 🔄 Updating 20250726...
2026-01-06 10:29:00,641 - INFO - 🔄 Updating 20250823...
2026-01-06 10:29:00,663 - INFO - 🔄 Updating 20250031...
2026-01-06 10:29:03,018 - INFO - 🔄 Updating 20250806...
2026-01-06 10:29:03,227 - INFO - 🔄 Updating 20250820...
2026-01-06 10:29:03,512 - INFO - 🔄 Updating 20250631...
2026-01-06 10:29:03,652 - INFO - 🔄 Updating 20250350...
2026-01-06 10:29:03,696 - INFO - 🔄 Updating 20250956...
2026-01-06 10:29:03,696 - INFO - Progress: 10/180
2026-01-06 10:29:05,778 - INFO - 🔄 Updating 20250630...
2026-01-06 10:29:06,704 - INFO - 🔄 Updating 20250886...
2026-01-06 10:29:07,508 - INFO - 🔄 Updating 20250942...
2026-01-06 10:29:07,536 - INFO - 🔄 Updating 20250883...
2026-01-06 10:29:07,632 - INFO - 🔄 Updating 20250955...
2026-01-06 10:29:07,701 - INFO - 🔄 Updating 20250691...
2026-01-06 10:29:08,456 - INFO - 🔄 Updating 20250663...
2026-01-06 10:29:10,092 - INFO - 🔄 Updating 20250765...
2026-01-06 10:29:10,166 - INFO - 🔄 Updating 20250734...
2026-01-06 10:29:10,475 - INFO - 🔄 Updating 20250574...
2026-01-06 10:29:10,475 - INFO - Progress: 20/180
2026-01-06 10:29:10,538 - INFO - 🔄 Updating 20250936...
2026-01-06 10:29:10,954 - INFO - 🔄 Updating 20250958...
2026-01-06 10:29:12,790 - INFO - 🔄 Updating 20250597...
2026-01-06 10:29:13,055 - INFO - 🔄 Updating 20250903...
2026-01-06 10:29:13,226 - INFO - 🔄 Updating 20250902...
2026-01-06 10:29:13,642 - INFO - 🔄 Updating 20250954...
2026-01-06 10:29:15,429 - INFO - 🔄 Updating 20250217...
2026-01-06 10:29:16,349 - INFO - 🔄 Updating 20250146...
2026-01-06 10:29:16,444 - INFO - 🔄 Updating 20250884...
2026-01-06 10:29:17,474 - INFO - 🔄 Updating 20250299...
2026-01-06 10:29:17,474 - INFO - Progress: 30/180
2026-01-06 10:29:17,941 - INFO - 🔄 Updating 20250937...
2026-01-06 10:29:20,395 - INFO - 🔄 Updating 20250905...
2026-01-06 10:29:20,964 - INFO - 🔄 Updating 20250619...
2026-01-06 10:29:21,037 - INFO - 🔄 Updating 20250844...
2026-01-06 10:29:21,321 - INFO - 🔄 Updating 20250885...
2026-01-06 10:29:25,825 - INFO - 🔄 Updating 20250865...
2026-01-06 10:29:26,494 - INFO - 🔄 Updating 20250682...
2026-01-06 10:29:26,628 - INFO - 🔄 Updating 20250649...
2026-01-06 10:29:27,521 - INFO - Progress: 40/180
2026-01-06 10:29:27,522 - INFO - 🔄 Updating 20250749...
2026-01-06 10:29:27,651 - INFO - 🔄 Updating 20250866...
2026-01-06 10:29:30,968 - INFO - 🔄 Updating 20250920...
2026-01-06 10:29:31,421 - INFO - 🔄 Updating 20250840...
2026-01-06 10:29:31,459 - INFO - 🔄 Updating 20250922...
2026-01-06 10:29:31,576 - INFO - 🔄 Updating 20250794...
2026-01-06 10:29:31,790 - INFO - 🔄 Updating 20250909...
2026-01-06 10:29:33,329 - INFO - 🔄 Updating 20250766...
2026-01-06 10:29:36,907 - INFO - 🔄 Updating 20250796...
2026-01-06 10:29:36,907 - INFO - Progress: 50/180
2026-01-06 10:29:37,994 - INFO - 🔄 Updating 20250768...
2026-01-06 10:29:38,942 - INFO - 🔄 Updating 20250743...
2026-01-06 10:29:38,943 - INFO - 🔄 Updating 20250763...
2026-01-06 10:29:40,923 - INFO - 🔄 Updating 20250750...
2026-01-06 10:29:42,372 - INFO - 🔄 Updating 20250793...
2026-01-06 10:29:43,252 - INFO - 🔄 Updating 20250805...
2026-01-06 10:29:43,463 - INFO - 🔄 Updating 20250701...
2026-01-06 10:29:44,482 - INFO - 🔄 Updating 20250094...
2026-01-06 10:29:45,324 - INFO - 🔄 Updating 20250590...
2026-01-06 10:29:45,324 - INFO - Progress: 60/180
2026-01-06 10:29:45,429 - INFO - 🔄 Updating 20250722...
2026-01-06 10:29:47,031 - INFO - 🔄 Updating 20250623...
2026-01-06 10:29:47,387 - INFO - 🔄 Updating 20250407...
2026-01-06 10:29:47,969 - INFO - 🔄 Updating 20250255...
2026-01-06 10:29:48,292 - INFO - 🔄 Updating 20250171...
2026-01-06 10:29:48,830 - INFO - 🔄 Updating 20250807...
2026-01-06 10:29:49,285 - INFO - 🔄 Updating 20250814...
2026-01-06 10:29:50,196 - ERROR - Error fetching 20250814 (Attempt 1): 502 Server Error: Unexpected Status 502 (no_peer) for url: https://handasi.complot.co.il/magicscripts/mgrqispi.dll?appname=cixpa&prgname=GetBakashaFile&siteid=81&b=20250814&arguments=siteid,b
2026-01-06 10:29:51,121 - INFO - 🔄 Updating 20250815...
2026-01-06 10:29:51,196 - INFO - 🔄 Updating 20250659...
2026-01-06 10:29:52,369 - ERROR - Error fetching 20250743 (Attempt 1): 502 Server Error: Proxy Connect Timeout for url: https://handasi.complot.co.il/magicscripts/mgrqispi.dll?appname=cixpa&prgname=GetBakashaFile&siteid=81&b=20250743&arguments=siteid,b
2026-01-06 10:29:52,610 - INFO - 🔄 Updating 20250817...
2026-01-06 10:29:52,610 - INFO - Progress: 70/180
2026-01-06 10:29:52,658 - INFO - 🔄 Updating 20250818...
2026-01-06 10:29:53,821 - INFO - 🔄 Updating 20250816...
2026-01-06 10:29:53,825 - INFO - 🔄 Updating 20250351...
2026-01-06 10:29:53,924 - INFO - 🔄 Updating 20250377...
2026-01-06 10:29:54,070 - INFO - 🔄 Updating 20250825...
2026-01-06 10:29:55,219 - INFO - 🔄 Updating 20250633...
2026-01-06 10:29:55,307 - INFO - 🔄 Updating 20250653...
2026-01-06 10:29:55,642 - INFO - 🔄 Updating 20250666...
2026-01-06 10:29:55,687 - INFO - 🔄 Updating 20250692...
2026-01-06 10:29:56,821 - INFO - 🔄 Updating 20250759...
2026-01-06 10:29:56,821 - INFO - Progress: 80/180
2026-01-06 10:29:57,460 - INFO - 🔄 Updating 20250661...
2026-01-06 10:29:57,627 - INFO - 🔄 Updating 20250144...
2026-01-06 10:30:01,874 - INFO - 🔄 Updating 20250405...
2026-01-06 10:30:02,762 - INFO - 🔄 Updating 20250553...
2026-01-06 10:30:02,957 - INFO - 🔄 Updating 20250490...
2026-01-06 10:30:03,156 - INFO - 🔄 Updating 20250486...
2026-01-06 10:30:04,899 - INFO - 🔄 Updating 20250186...
2026-01-06 10:30:09,966 - INFO - 🔄 Updating 20250505...
2026-01-06 10:30:10,293 - INFO - 🔄 Updating 20250664...
2026-01-06 10:30:10,302 - INFO - 🔄 Updating 20250521...
2026-01-06 10:30:10,308 - INFO - Progress: 90/180
2026-01-06 10:30:10,318 - INFO - 🔄 Updating 20250376...
2026-01-06 10:30:10,567 - INFO - 🔄 Updating 20250687...
2026-01-06 10:30:12,758 - INFO - 🔄 Updating 20250279...
2026-01-06 10:30:12,803 - INFO - 🔄 Updating 20250220...
2026-01-06 10:30:13,194 - INFO - 🔄 Updating 20250289...
2026-01-06 10:30:13,372 - INFO - 🔄 Updating 20250323...
2026-01-06 10:30:14,581 - INFO - 🔄 Updating 20250648...
2026-01-06 10:30:14,624 - INFO - 🔄 Updating 20250646...
2026-01-06 10:30:14,904 - INFO - 🔄 Updating 20250457...
2026-01-06 10:30:15,427 - INFO - 🔄 Updating 20250592...
2026-01-06 10:30:15,427 - INFO - Progress: 100/180
2026-01-06 10:30:16,024 - INFO - 🔄 Updating 20250606...
2026-01-06 10:30:16,923 - INFO - 🔄 Updating 20250453...
2026-01-06 10:30:17,067 - INFO - 🔄 Updating 20250545...
2026-01-06 10:30:17,565 - INFO - 🔄 Updating 20250525...
2026-01-06 10:30:17,574 - INFO - 🔄 Updating 20250436...
2026-01-06 10:30:18,190 - INFO - 🔄 Updating 20250543...
2026-01-06 10:30:19,053 - INFO - 🔄 Updating 20250392...
2026-01-06 10:30:19,597 - INFO - 🔄 Updating 20250387...
2026-01-06 10:30:19,723 - INFO - 🔄 Updating 20250451...
2026-01-06 10:30:20,345 - INFO - 🔄 Updating 20250480...
2026-01-06 10:30:20,345 - INFO - Progress: 110/180
2026-01-06 10:30:20,542 - INFO - 🔄 Updating 20250411...
2026-01-06 10:30:20,614 - INFO - 🔄 Updating 20250403...
2026-01-06 10:30:21,829 - INFO - 🔄 Updating 20250393...
2026-01-06 10:30:21,853 - INFO - 🔄 Updating 20250388...
2026-01-06 10:30:22,263 - INFO - 🔄 Updating 20250427...
2026-01-06 10:30:23,585 - INFO - 🔄 Updating 20250416...
2026-01-06 10:30:24,238 - INFO - 🔄 Updating 20250374...
2026-01-06 10:30:24,257 - INFO - 🔄 Updating 20250398...
2026-01-06 10:30:24,258 - INFO - 🔄 Updating 20250408...
2026-01-06 10:30:24,260 - INFO - 🔄 Updating 20250491...
2026-01-06 10:30:24,261 - INFO - Progress: 120/180
2026-01-06 10:30:26,121 - INFO - 🔄 Updating 20250344...
2026-01-06 10:30:26,224 - INFO - 🔄 Updating 20250492...
2026-01-06 10:30:26,360 - INFO - 🔄 Updating 20250487...
2026-01-06 10:30:27,685 - INFO - 🔄 Updating 20250483...
2026-01-06 10:30:27,686 - INFO - 🔄 Updating 20250277...
2026-01-06 10:30:29,190 - INFO - 🔄 Updating 20250283...
2026-01-06 10:30:29,819 - INFO - 🔄 Updating 20250349...
2026-01-06 10:30:31,254 - INFO - 🔄 Updating 20250261...
2026-01-06 10:30:31,278 - INFO - 🔄 Updating 20250152...
2026-01-06 10:30:31,297 - INFO - 🔄 Updating 20250325...
2026-01-06 10:30:31,297 - INFO - Progress: 130/180
2026-01-06 10:30:32,487 - INFO - 🔄 Updating 20250313...
2026-01-06 10:30:33,906 - INFO - 🔄 Updating 20250345...
2026-01-06 10:30:33,906 - INFO - 🔄 Updating 20250270...
2026-01-06 10:30:35,394 - INFO - 🔄 Updating 20250254...
2026-01-06 10:30:36,210 - INFO - 🔄 Updating 20250241...
2026-01-06 10:30:36,472 - INFO - 🔄 Updating 20250259...
2026-01-06 10:30:36,541 - INFO - 🔄 Updating 20250197...
2026-01-06 10:30:38,057 - INFO - 🔄 Updating 20250263...
2026-01-06 10:30:38,279 - INFO - 🔄 Updating 20250219...
2026-01-06 10:30:40,039 - INFO - 🔄 Updating 20250286...
2026-01-06 10:30:40,039 - INFO - Progress: 140/180
2026-01-06 10:30:41,041 - INFO - 🔄 Updating 20250196...
2026-01-06 10:30:41,303 - INFO - 🔄 Updating 20250192...
2026-01-06 10:30:41,665 - INFO - 🔄 Updating 20250194...
2026-01-06 10:30:42,664 - INFO - 🔄 Updating 20250175...
2026-01-06 10:30:42,773 - INFO - 🔄 Updating 20250303...
2026-01-06 10:30:42,891 - INFO - 🔄 Updating 20250172...
2026-01-06 10:30:43,006 - INFO - 🔄 Updating 20250183...
2026-01-06 10:30:43,442 - INFO - 🔄 Updating 20250113...
2026-01-06 10:30:45,445 - INFO - 🔄 Updating 20250165...
2026-01-06 10:30:45,445 - INFO - Progress: 150/180
2026-01-06 10:30:45,580 - INFO - 🔄 Updating 20250242...
2026-01-06 10:30:45,758 - INFO - 🔄 Updating 20250191...
2026-01-06 10:30:45,991 - INFO - 🔄 Updating 20250141...
2026-01-06 10:30:48,399 - INFO - 🔄 Updating 20250173...
2026-01-06 10:30:48,645 - INFO - 🔄 Updating 20250160...
2026-01-06 10:30:49,065 - INFO - 🔄 Updating 20250033...
2026-01-06 10:30:49,238 - INFO - 🔄 Updating 20250128...
2026-01-06 10:30:51,868 - INFO - 🔄 Updating 20250126...
2026-01-06 10:30:52,333 - INFO - 🔄 Updating 20250134...
2026-01-06 10:30:53,465 - INFO - 🔄 Updating 20250121...
2026-01-06 10:30:53,465 - INFO - Progress: 160/180
2026-01-06 10:30:54,140 - INFO - 🔄 Updating 20250123...
2026-01-06 10:30:55,287 - INFO - 🔄 Updating 20250127...
2026-01-06 10:30:55,426 - INFO - 🔄 Updating 20250114...
2026-01-06 10:30:55,441 - INFO - 🔄 Updating 20250098...
2026-01-06 10:30:56,422 - INFO - 🔄 Updating 20250176...
2026-01-06 10:30:56,895 - INFO - 🔄 Updating 20250125...
2026-01-06 10:30:57,327 - INFO - 🔄 Updating 20250079...
2026-01-06 10:30:57,327 - INFO - 🔄 Updating 20250091...
2026-01-06 10:30:58,708 - INFO - 🔄 Updating 20250069...
2026-01-06 10:30:59,292 - INFO - 🔄 Updating 20250124...
2026-01-06 10:30:59,292 - INFO - Progress: 170/180
2026-01-06 10:30:59,391 - INFO - 🔄 Updating 20250080...
2026-01-06 10:31:00,042 - INFO - 🔄 Updating 20250063...
2026-01-06 10:31:00,572 - INFO - 🔄 Updating 20250029...
2026-01-06 10:31:03,589 - INFO - 🔄 Updating 20250012...
2026-01-06 10:31:06,231 - INFO - Progress: 180/180
2026-01-06 10:31:06,231 - INFO - All tasks completed.
2026-01-06 10:31:06,231 - INFO - Converting daily_update_temp.jsonl to bat_yam_permits_data_2026_01_06.json...
2026-01-06 10:31:06,245 - INFO - ✅ Saved 180 permits to bat_yam_permits_data_2026_01_06.json
2026-01-06 10:31:06,246 - INFO - Deleted temporary JSONL file.
2026-01-06 10:31:06,246 - INFO - 🧹 Cleaned opportunities.json for next use.
2026-01-06 10:31:06,246 - INFO - Done.
2026-01-06 19:04:43,698 - INFO - 🚀 Starting Daily Permit Scraper (Workers + Proxy + JSONL)
2026-01-06 19:04:43,698 - INFO - Base file: bat_yam_permits_data_2026_01_06.json
2026-01-06 19:04:43,700 - INFO - Relevant IDs to update: 176
2026-01-06 19:04:43,701 - INFO - Starting ThreadPoolExecutor with 5 workers...
2026-01-06 19:04:43,701 - INFO - 🔄 Updating 20250302...
2026-01-06 19:04:43,701 - INFO - 🔄 Updating 20250293...
2026-01-06 19:04:43,701 - INFO - 🔄 Updating 20260002...
2026-01-06 19:04:43,701 - INFO - 🔄 Updating 20250945...
2026-01-06 19:04:43,701 - INFO - 🔄 Updating 20250943...
2026-01-06 19:04:43,703 - INFO - Found NEW opportunity 20260010
2026-01-06 19:04:43,703 - INFO - Found NEW opportunity 20260008
2026-01-06 19:04:45,210 - INFO - 🔄 Updating 20250823...
2026-01-06 19:04:45,219 - INFO - 🔄 Updating 20250309...
2026-01-06 19:04:45,232 - INFO - 🔄 Updating 20250726...
2026-01-06 19:04:45,336 - INFO - 🔄 Updating 20250031...
2026-01-06 19:04:45,484 - INFO - 🔄 Updating 20250929...
2026-01-06 19:04:49,455 - INFO - 🔄 Updating 20250806...
2026-01-06 19:04:49,554 - INFO - 🔄 Updating 20250820...
2026-01-06 19:04:49,629 - INFO - 🔄 Updating 20250350...
2026-01-06 19:04:50,060 - INFO - 🔄 Updating 20250956...
2026-01-06 19:04:50,165 - INFO - 🔄 Updating 20250630...
2026-01-06 19:04:50,165 - INFO - Progress: 10/182
2026-01-06 19:04:51,492 - INFO - 🔄 Updating 20250631...
2026-01-06 19:04:51,570 - INFO - 🔄 Updating 20250886...
2026-01-06 19:04:51,871 - INFO - 🔄 Updating 20250942...
2026-01-06 19:04:51,902 - INFO - 🔄 Updating 20250691...
2026-01-06 19:04:52,068 - INFO - 🔄 Updating 20250883...
2026-01-06 19:04:53,296 - INFO - 🔄 Updating 20250955...
2026-01-06 19:04:53,406 - INFO - 🔄 Updating 20250663...
2026-01-06 19:04:53,486 - INFO - 🔄 Updating 20250765...
2026-01-06 19:04:53,577 - INFO - 🔄 Updating 20250574...
2026-01-06 19:04:53,725 - INFO - 🔄 Updating 20250734...
2026-01-06 19:04:53,725 - INFO - Progress: 20/182
2026-01-06 19:04:54,747 - INFO - 🔄 Updating 20250958...
2026-01-06 19:04:55,190 - INFO - 🔄 Updating 20250936...
2026-01-06 19:04:55,233 - INFO - 🔄 Updating 20250954...
2026-01-06 19:04:55,307 - INFO - 🔄 Updating 20250902...
2026-01-06 19:04:55,354 - INFO - 🔄 Updating 20250597...
2026-01-06 19:04:56,635 - INFO - 🔄 Updating 20250903...
2026-01-06 19:04:56,891 - INFO - 🔄 Updating 20250217...
2026-01-06 19:04:56,946 - INFO - 🔄 Updating 20250884...
2026-01-06 19:04:57,051 - INFO - 🔄 Updating 20250937...
2026-01-06 19:04:57,051 - INFO - Progress: 30/182
2026-01-06 19:04:57,473 - INFO - 🔄 Updating 20250146...
2026-01-06 19:04:59,386 - INFO - 🔄 Updating 20250885...
2026-01-06 19:05:00,186 - INFO - 🔄 Updating 20250905...
2026-01-06 19:05:00,199 - INFO - 🔄 Updating 20250619...
2026-01-06 19:05:00,569 - INFO - 🔄 Updating 20250844...
2026-01-06 19:05:00,723 - INFO - 🔄 Updating 20250299...
2026-01-06 19:05:01,439 - INFO - 🔄 Updating 20250865...
2026-01-06 19:05:03,142 - INFO - 🔄 Updating 20250749...
2026-01-06 19:05:03,223 - INFO - 🔄 Updating 20250682...
2026-01-06 19:05:03,223 - INFO - Progress: 40/182
2026-01-06 19:05:03,522 - INFO - 🔄 Updating 20250649...
2026-01-06 19:05:03,568 - INFO - 🔄 Updating 20250866...
2026-01-06 19:05:03,629 - INFO - 🔄 Updating 20250920...
2026-01-06 19:05:04,882 - INFO - 🔄 Updating 20250794...
2026-01-06 19:05:05,008 - INFO - 🔄 Updating 20250909...
2026-01-06 19:05:05,497 - INFO - 🔄 Updating 20250922...
2026-01-06 19:05:05,576 - INFO - 🔄 Updating 20250840...
2026-01-06 19:05:06,063 - INFO - 🔄 Updating 20250766...
2026-01-06 19:05:06,063 - INFO - Progress: 50/182
2026-01-06 19:05:07,428 - INFO - 🔄 Updating 20250796...
2026-01-06 19:05:07,501 - INFO - 🔄 Updating 20250768...
2026-01-06 19:05:07,685 - INFO - 🔄 Updating 20250763...
2026-01-06 19:05:07,881 - INFO - 🔄 Updating 20250750...
2026-01-06 19:05:08,172 - INFO - 🔄 Updating 20250805...
2026-01-06 19:05:08,856 - INFO - 🔄 Updating 20250701...
2026-01-06 19:05:08,964 - INFO - 🔄 Updating 20250094...
2026-01-06 19:05:09,237 - INFO - 🔄 Updating 20250590...
2026-01-06 19:05:09,333 - INFO - 🔄 Updating 20250793...
2026-01-06 19:05:09,973 - INFO - 🔄 Updating 20250722...
2026-01-06 19:05:09,973 - INFO - Progress: 60/182
2026-01-06 19:05:10,556 - INFO - 🔄 Updating 20250623...
2026-01-06 19:05:10,719 - INFO - 🔄 Updating 20250407...
2026-01-06 19:05:10,750 - INFO - 🔄 Updating 20250171...
2026-01-06 19:05:11,037 - INFO - 🔄 Updating 20250807...
2026-01-06 19:05:12,297 - INFO - 🔄 Updating 20250659...
2026-01-06 19:05:12,578 - INFO - 🔄 Updating 20250255...
2026-01-06 19:05:12,741 - INFO - 🔄 Updating 20250814...
2026-01-06 19:05:13,698 - INFO - 🔄 Updating 20250817...
2026-01-06 19:05:13,986 - INFO - 🔄 Updating 20250815...
2026-01-06 19:05:13,989 - INFO - 🔄 Updating 20250818...
2026-01-06 19:05:13,989 - INFO - Progress: 70/182
2026-01-06 19:05:13,990 - INFO - 🔄 Updating 20250377...
2026-01-06 19:05:14,937 - INFO - 🔄 Updating 20250351...
2026-01-06 19:05:15,649 - INFO - 🔄 Updating 20250825...
2026-01-06 19:05:16,063 - INFO - 🔄 Updating 20250816...
2026-01-06 19:05:16,063 - INFO - 🔄 Updating 20250743...
2026-01-06 19:05:16,092 - INFO - 🔄 Updating 20250633...
2026-01-06 19:05:17,321 - INFO - 🔄 Updating 20250653...
2026-01-06 19:05:18,141 - INFO - 🔄 Updating 20250759...
2026-01-06 19:05:18,141 - INFO - 🔄 Updating 20250666...
2026-01-06 19:05:18,222 - INFO - 🔄 Updating 20250692...
2026-01-06 19:05:18,222 - INFO - Progress: 80/182
2026-01-06 19:05:18,601 - INFO - 🔄 Updating 20250144...
2026-01-06 19:05:19,912 - INFO - 🔄 Updating 20250661...
2026-01-06 19:05:20,484 - INFO - 🔄 Updating 20250486...
2026-01-06 19:05:20,485 - INFO - 🔄 Updating 20250490...
2026-01-06 19:05:20,740 - INFO - 🔄 Updating 20250186...
2026-01-06 19:05:20,878 - INFO - 🔄 Updating 20250405...
2026-01-06 19:05:22,175 - INFO - 🔄 Updating 20250553...
2026-01-06 19:05:22,384 - INFO - 🔄 Updating 20250505...
2026-01-06 19:05:22,678 - INFO - 🔄 Updating 20250664...
2026-01-06 19:05:22,721 - INFO - 🔄 Updating 20250521...
2026-01-06 19:05:22,721 - INFO - Progress: 90/182
2026-01-06 19:05:23,940 - INFO - 🔄 Updating 20250687...
2026-01-06 19:05:24,126 - INFO - 🔄 Updating 20250279...
2026-01-06 19:05:24,206 - INFO - 🔄 Updating 20250220...
2026-01-06 19:05:24,852 - INFO - 🔄 Updating 20250376...
2026-01-06 19:05:24,860 - INFO - 🔄 Updating 20250289...
2026-01-06 19:05:25,437 - INFO - 🔄 Updating 20250323...
2026-01-06 19:05:25,477 - INFO - 🔄 Updating 20250648...
2026-01-06 19:05:25,840 - INFO - 🔄 Updating 20250646...
2026-01-06 19:05:26,002 - INFO - 🔄 Updating 20250592...
2026-01-06 19:05:26,347 - INFO - 🔄 Updating 20250457...
2026-01-06 19:05:26,347 - INFO - Progress: 100/182
2026-01-06 19:05:26,829 - INFO - 🔄 Updating 20250606...
2026-01-06 19:05:27,014 - INFO - 🔄 Updating 20250453...
2026-01-06 19:05:27,399 - INFO - 🔄 Updating 20250545...
2026-01-06 19:05:27,603 - INFO - 🔄 Updating 20250525...
2026-01-06 19:05:27,839 - INFO - 🔄 Updating 20250436...
2026-01-06 19:05:28,769 - INFO - 🔄 Updating 20250543...
2026-01-06 19:05:28,908 - INFO - 🔄 Updating 20250392...
2026-01-06 19:05:29,004 - INFO - 🔄 Updating 20250451...
2026-01-06 19:05:29,350 - INFO - 🔄 Updating 20250387...
2026-01-06 19:05:30,118 - INFO - 🔄 Updating 20250480...
2026-01-06 19:05:30,118 - INFO - Progress: 110/182
2026-01-06 19:05:31,034 - INFO - 🔄 Updating 20250403...
2026-01-06 19:05:31,053 - INFO - 🔄 Updating 20250393...
2026-01-06 19:05:31,268 - INFO - 🔄 Updating 20250411...
2026-01-06 19:05:31,826 - INFO - 🔄 Updating 20250427...
2026-01-06 19:05:33,036 - INFO - 🔄 Updating 20250388...
2026-01-06 19:05:33,262 - INFO - 🔄 Updating 20250374...
2026-01-06 19:05:33,555 - INFO - 🔄 Updating 20250408...
2026-01-06 19:05:33,556 - INFO - 🔄 Updating 20250416...
2026-01-06 19:05:34,816 - INFO - 🔄 Updating 20250344...
2026-01-06 19:05:35,376 - INFO - 🔄 Updating 20250492...
2026-01-06 19:05:35,376 - INFO - Progress: 120/182
2026-01-06 19:05:35,609 - INFO - 🔄 Updating 20250491...
2026-01-06 19:05:35,656 - INFO - 🔄 Updating 20250398...
2026-01-06 19:05:36,019 - INFO - 🔄 Updating 20250277...
2026-01-06 19:05:37,361 - INFO - 🔄 Updating 20250349...
2026-01-06 19:05:37,816 - INFO - 🔄 Updating 20250487...
2026-01-06 19:05:38,066 - INFO - 🔄 Updating 20250483...
2026-01-06 19:05:39,079 - INFO - 🔄 Updating 20250152...
2026-01-06 19:05:39,629 - INFO - 🔄 Updating 20250283...
2026-01-06 19:05:40,227 - INFO - 🔄 Updating 20250261...
2026-01-06 19:05:40,350 - INFO - 🔄 Updating 20250325...
2026-01-06 19:05:40,350 - INFO - Progress: 130/182
2026-01-06 19:05:40,645 - INFO - 🔄 Updating 20250270...
2026-01-06 19:05:40,651 - INFO - 🔄 Updating 20250345...
2026-01-06 19:05:41,222 - INFO - 🔄 Updating 20250313...
2026-01-06 19:05:41,694 - INFO - 🔄 Updating 20250241...
2026-01-06 19:05:41,952 - INFO - 🔄 Updating 20250254...
2026-01-06 19:05:41,998 - INFO - 🔄 Updating 20250197...
2026-01-06 19:05:41,998 - INFO - 🔄 Updating 20250286...
2026-01-06 19:05:42,709 - INFO - 🔄 Updating 20250259...
2026-01-06 19:05:43,093 - INFO - 🔄 Updating 20250196...
2026-01-06 19:05:43,093 - INFO - Progress: 140/182
2026-01-06 19:05:43,437 - INFO - 🔄 Updating 20250263...
2026-01-06 19:05:43,553 - INFO - 🔄 Updating 20250194...
2026-01-06 19:05:43,594 - INFO - 🔄 Updating 20250192...
2026-01-06 19:05:44,231 - INFO - 🔄 Updating 20250219...
2026-01-06 19:05:44,536 - INFO - 🔄 Updating 20250175...
2026-01-06 19:05:45,074 - INFO - 🔄 Updating 20250183...
2026-01-06 19:05:45,097 - INFO - 🔄 Updating 20250303...
2026-01-06 19:05:45,560 - INFO - 🔄 Updating 20250113...
2026-01-06 19:05:46,147 - INFO - 🔄 Updating 20250191...
2026-01-06 19:05:46,614 - INFO - 🔄 Updating 20250172...
2026-01-06 19:05:46,614 - INFO - Progress: 150/182
2026-01-06 19:05:46,952 - INFO - 🔄 Updating 20250141...
2026-01-06 19:05:47,101 - INFO - 🔄 Updating 20250242...
2026-01-06 19:05:47,670 - INFO - 🔄 Updating 20250033...
2026-01-06 19:05:48,108 - INFO - 🔄 Updating 20250128...
2026-01-06 19:05:48,276 - INFO - 🔄 Updating 20250173...
2026-01-06 19:05:48,590 - INFO - 🔄 Updating 20250160...
2026-01-06 19:05:49,099 - INFO - 🔄 Updating 20250126...
2026-01-06 19:05:50,235 - INFO - 🔄 Updating 20250121...
2026-01-06 19:05:51,005 - INFO - 🔄 Updating 20250134...
2026-01-06 19:05:51,648 - INFO - 🔄 Updating 20250123...
2026-01-06 19:05:51,648 - INFO - Progress: 160/182
2026-01-06 19:05:51,794 - INFO - 🔄 Updating 20250127...
2026-01-06 19:05:52,829 - INFO - 🔄 Updating 20250098...
2026-01-06 19:05:52,871 - INFO - 🔄 Updating 20250114...
2026-01-06 19:05:52,926 - INFO - 🔄 Updating 20250165...
2026-01-06 19:05:52,957 - INFO - 🔄 Updating 20250176...
2026-01-06 19:05:53,197 - INFO - 🔄 Updating 20250125...
2026-01-06 19:05:54,286 - INFO - 🔄 Updating 20250079...
2026-01-06 19:05:54,578 - INFO - 🔄 Updating 20250091...
2026-01-06 19:05:54,583 - INFO - 🔄 Updating 20250069...
2026-01-06 19:05:54,584 - INFO - 🔄 Updating 20250029...
2026-01-06 19:05:54,584 - INFO - Progress: 170/182
2026-01-06 19:05:54,862 - INFO - 🔄 Updating 20250124...
2026-01-06 19:05:56,036 - INFO - 🔄 Updating 20250063...
2026-01-06 19:05:56,342 - INFO - 🔄 Updating 20250080...
2026-01-06 19:05:56,342 - INFO - 🔄 Updating 20250012...
2026-01-06 19:05:57,500 - INFO - Progress: 180/182
2026-01-06 19:05:58,222 - INFO - All tasks completed.
2026-01-06 19:05:58,222 - INFO - Converting daily_update_temp.jsonl to bat_yam_permits_data_2026_01_06.json...
2026-01-06 19:05:58,236 - INFO - ✅ Saved 182 permits to bat_yam_permits_data_2026_01_06.json
2026-01-06 19:05:58,236 - INFO - Deleted temporary JSONL file.
2026-01-06 19:05:58,237 - INFO - 🧹 Cleaned opportunities.json for next use.
2026-01-06 19:05:58,237 - INFO - Done.
2026-01-06 20:15:57,694 - INFO - 🚀 Starting Daily Permit Scraper (Workers + Proxy + JSONL)
2026-01-06 20:15:57,695 - INFO - Base file: bat_yam_permits_data_2026_01_06.json
2026-01-06 20:15:57,697 - INFO - Relevant IDs to update: 176
2026-01-06 20:15:57,697 - INFO - Starting ThreadPoolExecutor with 5 workers...
2026-01-06 20:15:57,697 - INFO - 🔄 Updating 20250943...
2026-01-06 20:15:57,698 - INFO - 🔄 Updating 20260002...
2026-01-06 20:15:57,698 - INFO - 🔄 Updating 20250302...
2026-01-06 20:15:57,698 - INFO - 🔄 Updating 20250945...
2026-01-06 20:15:57,698 - INFO - 🔄 Updating 20250293...
2026-01-06 20:15:59,614 - INFO - 🔄 Updating 20250823...
2026-01-06 20:15:59,615 - INFO - 🔄 Updating 20250031...
2026-01-06 20:16:01,555 - INFO - 🔄 Updating 20250726...
2026-01-06 20:16:03,154 - INFO - 🔄 Updating 20250929...
2026-01-06 20:16:03,440 - INFO - 🔄 Updating 20250309...
2026-01-06 20:17:13,790 - INFO - 🚀 Starting Daily Permit Scraper (Workers + Proxy + JSONL)
2026-01-06 20:17:13,791 - INFO - Base file: bat_yam_permits_data_2026_01_06.json
2026-01-06 20:17:13,793 - INFO - Relevant IDs to update: 176
2026-01-06 20:17:13,793 - WARNING - Found existing daily_update_temp.jsonl - appending new results to it.
2026-01-06 20:17:13,793 - INFO - Starting ThreadPoolExecutor with 5 workers...
2026-01-06 20:17:13,793 - INFO - 🔄 Updating 20250943...
2026-01-06 20:17:13,793 - INFO - 🔄 Updating 20260002...
2026-01-06 20:17:13,794 - INFO - 🔄 Updating 20250302...
2026-01-06 20:17:13,794 - INFO - 🔄 Updating 20250945...
2026-01-06 20:17:13,794 - INFO - 🔄 Updating 20250293...
2026-01-06 20:17:15,492 - INFO - 🔄 Updating 20250823...
2026-01-06 20:17:15,825 - INFO - 🔄 Updating 20250031...
2026-01-06 20:17:15,825 - INFO - 🔄 Updating 20250726...
2026-01-06 20:17:16,492 - INFO - 🔄 Updating 20250929...
2026-01-06 20:17:18,369 - INFO - 🔄 Updating 20250309...
2026-01-06 20:17:18,451 - INFO - 🔄 Updating 20250806...
2026-01-06 20:17:18,467 - INFO - 🔄 Updating 20250820...
2026-01-06 20:17:18,829 - INFO - 🔄 Updating 20250956...
2026-01-06 20:17:19,085 - INFO - 🔄 Updating 20250630...
2026-01-06 20:17:20,199 - INFO - 🔄 Updating 20250350...
2026-01-06 20:17:20,199 - INFO - Progress: 10/182
2026-01-06 20:17:20,199 - INFO - 🔄 Updating 20250886...
2026-01-06 20:17:20,893 - INFO - 🔄 Updating 20250631...
2026-01-06 20:17:21,303 - INFO - 🔄 Updating 20250883...
2026-01-06 20:17:21,994 - INFO - 🔄 Updating 20250691...
2026-01-06 20:17:23,565 - INFO - 🔄 Updating 20250942...
2026-01-06 20:17:24,214 - INFO - 🔄 Updating 20250955...
2026-01-06 20:17:24,326 - INFO - 🔄 Updating 20250663...
2026-01-06 20:17:24,453 - INFO - 🔄 Updating 20250765...
2026-01-06 20:17:25,032 - INFO - 🔄 Updating 20250734...
2026-01-06 20:17:25,308 - INFO - 🔄 Updating 20250574...
2026-01-06 20:17:25,308 - INFO - Progress: 20/182
2026-01-06 20:17:25,713 - INFO - 🔄 Updating 20250936...
2026-01-06 20:17:25,899 - INFO - 🔄 Updating 20250954...
2026-01-06 20:17:26,440 - INFO - 🔄 Updating 20250958...
2026-01-06 20:17:26,778 - INFO - 🔄 Updating 20250902...
2026-01-06 20:17:27,133 - INFO - 🔄 Updating 20250597...
2026-01-06 20:17:27,203 - INFO - 🔄 Updating 20250903...
2026-01-06 20:17:27,491 - ERROR - Error fetching 20250902 (Attempt 1): 502 Server Error: Unexpected Status 502 (no_peer) for url: https://handasi.complot.co.il/magicscripts/mgrqispi.dll?appname=cixpa&prgname=GetBakashaFile&siteid=81&b=20250902&arguments=siteid,b
2026-01-06 20:17:27,601 - INFO - 🔄 Updating 20250146...
2026-01-06 20:17:28,166 - INFO - 🔄 Updating 20250217...
2026-01-06 20:22:02,979 - INFO - 🚀 Starting Daily Permit Scraper (Workers + Proxy + JSONL)
2026-01-06 20:22:02,980 - INFO - Base file: bat_yam_permits_data_2026_01_06.json
2026-01-06 20:22:02,982 - INFO - Relevant IDs to update: 176
2026-01-06 20:22:02,982 - WARNING - Found existing daily_update_temp.jsonl - appending new results to it.
2026-01-06 20:22:02,982 - INFO - Starting ThreadPoolExecutor with 5 workers...
2026-01-06 20:22:02,982 - INFO - 🔄 Updating 20250943...
2026-01-06 20:22:02,982 - INFO - 🔄 Updating 20260002...
2026-01-06 20:22:02,983 - INFO - 🔄 Updating 20250302...
2026-01-06 20:22:02,983 - INFO - 🔄 Updating 20250945...
2026-01-06 20:22:02,983 - INFO - 🔄 Updating 20250293...
2026-01-06 20:22:04,381 - INFO - 🔄 Updating 20250823...
2026-01-06 20:22:04,473 - INFO - 🔄 Updating 20250031...
2026-01-06 20:22:04,826 - INFO - 🔄 Updating 20250726...
2026-01-06 20:22:05,644 - INFO - 🔄 Updating 20250929...
2026-01-06 20:22:05,765 - INFO - 🔄 Updating 20250309...
2026-01-06 20:22:06,359 - INFO - 🔄 Updating 20250806...
2026-01-06 20:22:06,691 - INFO - 🔄 Updating 20250820...
2026-01-06 20:22:07,345 - INFO - 🔄 Updating 20250956...
2026-01-06 20:22:07,860 - INFO - 🔄 Updating 20250630...
2026-01-06 20:22:07,881 - INFO - 🔄 Updating 20250350...
2026-01-06 20:22:07,881 - INFO - Progress: 10/182
2026-01-06 20:22:08,007 - INFO - 🔄 Updating 20250886...
2026-01-06 20:22:08,431 - INFO - 🔄 Updating 20250631...
2026-01-06 20:22:09,231 - INFO - 🔄 Updating 20250883...
2026-01-06 20:22:09,353 - INFO - 🔄 Updating 20250691...
2026-01-06 20:22:09,579 - INFO - 🔄 Updating 20250942...
2026-01-06 20:22:09,602 - INFO - 🔄 Updating 20250955...
2026-01-06 20:22:09,938 - INFO - 🔄 Updating 20250663...
2026-01-06 20:22:10,506 - ERROR - Error fetching 20250955 (Attempt 1): 502 Server Error: Unexpected Status 502 (no_peer) for url: https://handasi.complot.co.il/magicscripts/mgrqispi.dll?appname=cixpa&prgname=GetBakashaFile&siteid=81&b=20250955&arguments=siteid,b
2026-01-06 20:22:11,111 - INFO - 🔄 Updating 20250765...
2026-01-06 20:22:11,262 - INFO - 🔄 Updating 20250734...
2026-01-06 20:22:11,263 - INFO - 🔄 Updating 20250574...
2026-01-06 20:22:11,263 - INFO - Progress: 20/182
2026-01-06 20:22:11,532 - INFO - 🔄 Updating 20250936...
2026-01-06 20:22:13,279 - INFO - 🔄 Updating 20250954...
2026-01-06 20:22:13,352 - INFO - 🔄 Updating 20250958...
2026-01-06 20:22:13,472 - INFO - 🔄 Updating 20250902...
2026-01-06 20:22:13,877 - INFO - 🔄 Updating 20250597...
2026-01-06 20:22:14,763 - INFO - 🔄 Updating 20250903...
2026-01-06 20:22:14,763 - INFO - 🔄 Updating 20250146...
2026-01-06 20:22:15,051 - INFO - 🔄 Updating 20250217...
2026-01-06 20:22:15,057 - INFO - 🔄 Updating 20250884...
2026-01-06 20:22:15,058 - INFO - Progress: 30/182
2026-01-06 20:22:16,130 - INFO - 🔄 Updating 20250937...
2026-01-06 20:22:16,426 - INFO - 🔄 Updating 20250885...
2026-01-06 20:22:16,478 - INFO - 🔄 Updating 20250844...
2026-01-06 20:22:17,157 - INFO - 🔄 Updating 20250299...
2026-01-06 20:22:17,602 - INFO - 🔄 Updating 20250865...
2026-01-06 20:22:17,741 - INFO - 🔄 Updating 20250619...
2026-01-06 20:22:18,347 - INFO - 🔄 Updating 20250905...
2026-01-06 20:22:18,817 - INFO - 🔄 Updating 20250749...
2026-01-06 20:22:18,817 - INFO - Progress: 40/182
2026-01-06 20:22:18,972 - INFO - 🔄 Updating 20250866...
2026-01-06 20:22:19,229 - INFO - 🔄 Updating 20250649...
2026-01-06 20:22:20,121 - INFO - 🔄 Updating 20250920...
2026-01-06 20:22:20,770 - INFO - 🔄 Updating 20250682...
2026-01-06 20:22:20,770 - INFO - 🔄 Updating 20250909...
2026-01-06 20:22:21,320 - INFO - 🔄 Updating 20250922...
2026-01-06 20:22:21,609 - INFO - 🔄 Updating 20250794...
2026-01-06 20:22:22,797 - INFO - 🔄 Updating 20250766...
2026-01-06 20:22:24,143 - INFO - 🔄 Updating 20250840...
2026-01-06 20:22:24,143 - INFO - Progress: 50/182
2026-01-06 20:22:24,289 - INFO - 🔄 Updating 20250796...
2026-01-06 20:22:24,404 - INFO - 🔄 Updating 20250763...
2026-01-06 20:22:24,481 - INFO - 🔄 Updating 20250768...
2026-01-06 20:22:24,497 - INFO - 🔄 Updating 20250750...
2026-01-06 20:22:25,698 - INFO - 🔄 Updating 20250805...
2026-01-06 20:22:25,916 - INFO - 🔄 Updating 20250094...
2026-01-06 20:22:26,052 - INFO - 🔄 Updating 20250793...
2026-01-06 20:22:26,100 - INFO - 🔄 Updating 20250701...
2026-01-06 20:22:26,560 - INFO - 🔄 Updating 20250590...
2026-01-06 20:22:27,892 - INFO - 🔄 Updating 20250407...
2026-01-06 20:22:27,892 - INFO - Progress: 60/182
2026-01-06 20:22:28,229 - INFO - 🔄 Updating 20250807...
2026-01-06 20:22:28,425 - INFO - 🔄 Updating 20250171...
2026-01-06 20:22:28,608 - INFO - 🔄 Updating 20250623...
2026-01-06 20:22:29,149 - INFO - 🔄 Updating 20250722...
2026-01-06 20:22:29,967 - INFO - 🔄 Updating 20250255...
2026-01-06 20:22:30,038 - INFO - 🔄 Updating 20250659...
2026-01-06 20:22:30,099 - INFO - 🔄 Updating 20250814...
2026-01-06 20:22:30,186 - INFO - 🔄 Updating 20250817...
2026-01-06 20:22:30,562 - INFO - 🔄 Updating 20250818...
2026-01-06 20:22:31,421 - INFO - 🔄 Updating 20250377...
2026-01-06 20:22:31,421 - INFO - Progress: 70/182
2026-01-06 20:22:31,754 - INFO - 🔄 Updating 20250815...
2026-01-06 20:22:31,899 - INFO - 🔄 Updating 20250351...
2026-01-06 20:22:32,609 - INFO - 🔄 Updating 20250816...
2026-01-06 20:22:33,187 - INFO - 🔄 Updating 20250825...
2026-01-06 20:22:33,251 - INFO - 🔄 Updating 20250633...
2026-01-06 20:22:33,269 - INFO - 🔄 Updating 20250743...
2026-01-06 20:22:33,301 - INFO - 🔄 Updating 20250653...
2026-01-06 20:22:34,141 - INFO - 🔄 Updating 20250759...
2026-01-06 20:22:34,498 - INFO - 🔄 Updating 20250692...
2026-01-06 20:22:35,101 - INFO - 🔄 Updating 20250666...
2026-01-06 20:22:35,101 - INFO - Progress: 80/182
2026-01-06 20:22:35,101 - INFO - 🔄 Updating 20250144...
2026-01-06 20:22:35,645 - INFO - 🔄 Updating 20250486...
2026-01-06 20:22:36,030 - INFO - 🔄 Updating 20250490...
2026-01-06 20:22:36,267 - INFO - 🔄 Updating 20250661...
2026-01-06 20:22:36,805 - INFO - 🔄 Updating 20250186...
2026-01-06 20:22:37,061 - INFO - 🔄 Updating 20250553...
2026-01-06 20:22:37,775 - INFO - 🔄 Updating 20250405...
2026-01-06 20:22:37,826 - INFO - 🔄 Updating 20250505...
2026-01-06 20:22:37,869 - INFO - 🔄 Updating 20250521...
2026-01-06 20:22:38,410 - INFO - 🔄 Updating 20250664...
2026-01-06 20:22:38,410 - INFO - Progress: 90/182
2026-01-06 20:22:38,703 - INFO - 🔄 Updating 20250220...
2026-01-06 20:22:39,359 - INFO - 🔄 Updating 20250279...
2026-01-06 20:22:39,578 - INFO - 🔄 Updating 20250687...
2026-01-06 20:22:39,579 - INFO - 🔄 Updating 20250289...
2026-01-06 20:22:39,921 - INFO - 🔄 Updating 20250376...
2026-01-06 20:22:40,468 - INFO - 🔄 Updating 20250323...
2026-01-06 20:22:41,166 - INFO - 🔄 Updating 20250648...
2026-01-06 20:22:41,307 - INFO - 🔄 Updating 20250592...
2026-01-06 20:22:41,562 - INFO - 🔄 Updating 20250646...
2026-01-06 20:22:41,703 - INFO - 🔄 Updating 20250457...
2026-01-06 20:22:41,703 - INFO - Progress: 100/182
2026-01-06 20:22:42,243 - INFO - 🔄 Updating 20250453...
2026-01-06 20:22:42,272 - INFO - 🔄 Updating 20250606...
2026-01-06 20:22:43,030 - INFO - 🔄 Updating 20250545...
2026-01-06 20:22:43,031 - INFO - 🔄 Updating 20250436...
2026-01-06 20:22:43,216 - INFO - 🔄 Updating 20250543...
2026-01-06 20:22:43,806 - INFO - 🔄 Updating 20250451...
2026-01-06 20:22:43,918 - INFO - 🔄 Updating 20250392...
2026-01-06 20:22:44,505 - INFO - 🔄 Updating 20250387...
2026-01-06 20:22:44,660 - INFO - 🔄 Updating 20250480...
2026-01-06 20:22:44,812 - INFO - 🔄 Updating 20250403...
2026-01-06 20:22:44,812 - INFO - Progress: 110/182
2026-01-06 20:22:45,407 - INFO - 🔄 Updating 20250411...
2026-01-06 20:22:45,445 - INFO - 🔄 Updating 20250393...
2026-01-06 20:22:45,830 - INFO - 🔄 Updating 20250427...
2026-01-06 20:22:45,952 - INFO - 🔄 Updating 20250388...
2026-01-06 20:22:46,023 - INFO - 🔄 Updating 20250416...
2026-01-06 20:22:46,589 - INFO - 🔄 Updating 20250374...
2026-01-06 20:22:47,351 - INFO - 🔄 Updating 20250408...
2026-01-06 20:22:47,578 - INFO - 🔄 Updating 20250525...
2026-01-06 20:22:47,606 - INFO - 🔄 Updating 20250344...
2026-01-06 20:22:47,663 - INFO - 🔄 Updating 20250492...
2026-01-06 20:22:47,663 - INFO - Progress: 120/182
2026-01-06 20:22:47,967 - INFO - 🔄 Updating 20250491...
2026-01-06 20:22:48,693 - INFO - 🔄 Updating 20250277...
2026-01-06 20:22:49,127 - INFO - 🔄 Updating 20250483...
2026-01-06 20:22:49,292 - INFO - 🔄 Updating 20250349...
2026-01-06 20:22:49,424 - INFO - 🔄 Updating 20250487...
2026-01-06 20:22:50,076 - INFO - 🔄 Updating 20250398...
2026-01-06 20:22:50,662 - INFO - 🔄 Updating 20250152...
2026-01-06 20:22:50,963 - INFO - 🔄 Updating 20250283...
2026-01-06 20:22:51,195 - INFO - 🔄 Updating 20250325...
2026-01-06 20:22:51,596 - INFO - 🔄 Updating 20250261...
2026-01-06 20:22:51,596 - INFO - Progress: 130/182
2026-01-06 20:22:52,113 - INFO - 🔄 Updating 20250270...
2026-01-06 20:22:52,627 - INFO - 🔄 Updating 20250345...
2026-01-06 20:22:52,677 - INFO - 🔄 Updating 20250313...
2026-01-06 20:22:53,909 - INFO - 🔄 Updating 20250241...
2026-01-06 20:22:53,914 - INFO - 🔄 Updating 20250254...
2026-01-06 20:22:54,138 - INFO - 🔄 Updating 20250286...
2026-01-06 20:22:54,242 - INFO - 🔄 Updating 20250197...
2026-01-06 20:22:55,272 - INFO - 🔄 Updating 20250259...
2026-01-06 20:22:55,625 - INFO - 🔄 Updating 20250196...
2026-01-06 20:22:55,625 - INFO - Progress: 140/182
2026-01-06 20:22:55,671 - INFO - 🔄 Updating 20250263...
2026-01-06 20:22:55,724 - INFO - 🔄 Updating 20250192...
2026-01-06 20:22:56,971 - INFO - 🔄 Updating 20250194...
2026-01-06 20:22:57,018 - INFO - 🔄 Updating 20250175...
2026-01-06 20:22:57,212 - INFO - 🔄 Updating 20250219...
2026-01-06 20:22:57,566 - INFO - 🔄 Updating 20250303...
2026-01-06 20:22:58,732 - INFO - 🔄 Updating 20250183...
2026-01-06 20:22:58,934 - INFO - 🔄 Updating 20250113...
2026-01-06 20:22:58,935 - INFO - 🔄 Updating 20250172...
2026-01-06 20:22:59,410 - INFO - 🔄 Updating 20250191...
2026-01-06 20:22:59,410 - INFO - Progress: 150/182
2026-01-06 20:22:59,788 - INFO - 🔄 Updating 20250141...
2026-01-06 20:23:00,126 - INFO - 🔄 Updating 20250033...
2026-01-06 20:23:00,471 - INFO - 🔄 Updating 20250242...
2026-01-06 20:23:00,554 - INFO - 🔄 Updating 20250128...
2026-01-06 20:23:00,979 - INFO - 🔄 Updating 20250126...
2026-01-06 20:23:01,283 - INFO - 🔄 Updating 20250121...
2026-01-06 20:23:01,816 - INFO - 🔄 Updating 20250134...
2026-01-06 20:23:01,904 - INFO - 🔄 Updating 20250160...
2026-01-06 20:23:01,947 - INFO - 🔄 Updating 20250173...
2026-01-06 20:23:02,192 - ERROR - Error fetching 20250121 (Attempt 1): 502 Server Error: Unexpected Status 502 (no_peer) for url: https://handasi.complot.co.il/magicscripts/mgrqispi.dll?appname=cixpa&prgname=GetBakashaFile&siteid=81&b=20250121&arguments=siteid,b
2026-01-06 20:23:02,973 - INFO - 🔄 Updating 20250127...
2026-01-06 20:23:02,973 - INFO - Progress: 160/182
2026-01-06 20:23:03,177 - INFO - 🔄 Updating 20250123...
2026-01-06 20:23:03,211 - INFO - 🔄 Updating 20250114...
2026-01-06 20:23:03,434 - INFO - 🔄 Updating 20250165...
2026-01-06 20:23:04,605 - INFO - 🔄 Updating 20250098...
2026-01-06 20:23:05,033 - INFO - 🔄 Updating 20250176...
2026-01-06 20:23:05,064 - INFO - 🔄 Updating 20250125...
2026-01-06 20:23:06,563 - INFO - 🔄 Updating 20250091...
2026-01-06 20:23:06,938 - INFO - 🔄 Updating 20250029...
2026-01-06 20:23:07,214 - INFO - 🔄 Updating 20250079...
2026-01-06 20:23:07,220 - INFO - Progress: 170/182
2026-01-06 20:23:07,235 - INFO - 🔄 Updating 20250069...
2026-01-06 20:23:07,571 - INFO - 🔄 Updating 20260010...
2026-01-06 20:23:08,059 - INFO - 🔄 Updating 20260008...
2026-01-06 20:23:08,571 - INFO - 🔄 Updating 20250124...
2026-01-06 20:23:08,573 - INFO - 🔄 Updating 20250063...
2026-01-06 20:23:08,932 - INFO - 🔄 Updating 20250012...
2026-01-06 20:23:09,124 - INFO - 🔄 Updating 20250080...
2026-01-06 20:23:11,077 - INFO - Progress: 180/182
2026-01-06 20:23:11,311 - INFO - All tasks completed.
2026-01-06 20:23:11,311 - INFO - Converting daily_update_temp.jsonl to bat_yam_permits_data_2026_01_06.json...
2026-01-06 20:23:11,324 - INFO - ✅ Saved 182 permits to bat_yam_permits_data_2026_01_06.json
2026-01-06 20:23:11,324 - INFO - Deleted temporary JSONL file.
2026-01-06 20:23:11,324 - INFO - 🧹 Cleaned opportunities.json for next use.
2026-01-06 20:23:11,325 - INFO - Done.
2026-01-06 20:28:10,102 - INFO - 🚀 Starting Daily Permit Scraper (Workers + Proxy + JSONL)
2026-01-06 20:28:10,102 - INFO - Base file: bat_yam_permits_data_2026_01_03.json
2026-01-06 20:28:10,105 - INFO - Relevant IDs to update: 176
2026-01-06 20:28:10,105 - INFO - Starting ThreadPoolExecutor with 5 workers...
2026-01-06 20:28:10,105 - INFO - 🔄 Updating 20250293...
2026-01-06 20:28:10,105 - INFO - 🔄 Updating 20250302...
2026-01-06 20:28:10,106 - INFO - 🔄 Updating 20260002...
2026-01-06 20:28:10,106 - INFO - 🔄 Updating 20250943...
2026-01-06 20:28:10,106 - INFO - 🔄 Updating 20250945...
2026-01-06 20:28:11,492 - INFO - 🔄 Updating 20250309...
2026-01-06 20:28:11,841 - INFO - 🔄 Updating 20250929...
2026-01-06 20:28:11,910 - INFO - 🔄 Updating 20250726...
2026-01-06 20:28:12,121 - INFO - 🔄 Updating 20250823...
2026-01-06 20:28:12,858 - INFO - 🔄 Updating 20250031...
2026-01-06 20:28:13,050 - INFO - 🔄 Updating 20250806...
2026-01-06 20:28:13,590 - INFO - 🔄 Updating 20250820...
2026-01-06 20:28:13,590 - INFO - 🔄 Updating 20250631...
2026-01-06 20:28:13,630 - INFO - 🔄 Updating 20250350...
2026-01-06 20:28:14,388 - INFO - 🔄 Updating 20250956...
2026-01-06 20:28:14,388 - INFO - Progress: 10/179
2026-01-06 20:28:15,121 - INFO - 🔄 Updating 20250630...
2026-01-06 20:28:15,375 - INFO - 🔄 Updating 20250886...
2026-01-06 20:28:15,408 - INFO - 🔄 Updating 20250942...
2026-01-06 20:28:15,804 - INFO - 🔄 Updating 20250883...
2026-01-06 20:28:15,963 - INFO - 🔄 Updating 20250955...
2026-01-06 20:28:16,723 - INFO - 🔄 Updating 20250691...
2026-01-06 20:28:17,064 - INFO - 🔄 Updating 20250663...
2026-01-06 20:28:17,552 - INFO - 🔄 Updating 20250765...
2026-01-06 20:28:20,551 - INFO - 🔄 Updating 20250734...
2026-01-06 20:28:20,699 - INFO - 🔄 Updating 20250574...
2026-01-06 20:28:20,699 - INFO - Progress: 20/179
2026-01-06 20:28:21,325 - INFO - 🔄 Updating 20250936...
2026-01-06 20:28:21,329 - INFO - 🔄 Updating 20250958...
2026-01-06 20:28:21,927 - INFO - 🔄 Updating 20250597...
2026-01-06 20:28:23,583 - INFO - 🔄 Updating 20250903...
2026-01-06 20:28:23,784 - INFO - 🔄 Updating 20250902...
2026-01-06 20:28:23,986 - INFO - 🔄 Updating 20250954...
2026-01-06 20:28:24,079 - INFO - 🔄 Updating 20250217...
2026-01-06 20:28:24,527 - INFO - 🔄 Updating 20250146...
2026-01-06 20:28:25,172 - INFO - 🔄 Updating 20250884...
2026-01-06 20:28:25,238 - INFO - 🔄 Updating 20250299...
2026-01-06 20:28:25,238 - INFO - Progress: 30/179
2026-01-06 20:28:25,663 - INFO - 🔄 Updating 20250937...
2026-01-06 20:28:25,901 - INFO - 🔄 Updating 20250905...
2026-01-06 20:28:25,987 - INFO - 🔄 Updating 20250619...
2026-01-06 20:28:26,893 - INFO - 🔄 Updating 20250844...
2026-01-06 20:28:27,177 - INFO - 🔄 Updating 20250885...
2026-01-06 20:28:28,093 - ERROR - Error fetching 20250885 (Attempt 1): 502 Server Error: Unexpected Status 502 (no_peer) for url: https://handasi.complot.co.il/magicscripts/mgrqispi.dll?appname=cixpa&prgname=GetBakashaFile&siteid=81&b=20250885&arguments=siteid,b
2026-01-06 20:28:28,178 - INFO - 🔄 Updating 20250865...
2026-01-06 20:28:28,218 - INFO - 🔄 Updating 20250682...
2026-01-06 20:28:28,225 - INFO - 🔄 Updating 20250649...
2026-01-06 20:28:28,520 - INFO - Progress: 40/179
2026-01-06 20:28:28,520 - INFO - 🔄 Updating 20250749...
2026-01-06 20:28:29,758 - INFO - 🔄 Updating 20250866...
2026-01-06 20:28:29,784 - INFO - 🔄 Updating 20250920...
2026-01-06 20:28:30,024 - INFO - 🔄 Updating 20250840...
2026-01-06 20:28:30,444 - INFO - 🔄 Updating 20250922...
2026-01-06 20:28:31,555 - INFO - 🔄 Updating 20250794...
2026-01-06 20:28:31,645 - INFO - 🔄 Updating 20250909...
2026-01-06 20:28:31,816 - INFO - 🔄 Updating 20250766...
2026-01-06 20:28:31,909 - INFO - 🔄 Updating 20250796...
2026-01-06 20:28:31,909 - INFO - Progress: 50/179
2026-01-06 20:28:33,935 - INFO - 🔄 Updating 20250768...
2026-01-06 20:28:34,121 - INFO - 🔄 Updating 20250743...
2026-01-06 20:28:34,229 - INFO - 🔄 Updating 20250763...
2026-01-06 20:28:34,519 - INFO - 🔄 Updating 20250750...
2026-01-06 20:28:34,706 - INFO - 🔄 Updating 20250793...
2026-01-06 20:28:36,033 - INFO - 🔄 Updating 20250805...
2026-01-06 20:28:37,031 - INFO - 🔄 Updating 20250701...
2026-01-06 20:28:38,265 - INFO - 🔄 Updating 20250094...
2026-01-06 20:28:38,923 - INFO - 🔄 Updating 20250590...
2026-01-06 20:28:38,923 - INFO - Progress: 60/179
2026-01-06 20:28:39,417 - INFO - 🔄 Updating 20250722...
2026-01-06 20:28:40,489 - INFO - 🔄 Updating 20250623...
2026-01-06 20:28:40,740 - INFO - 🔄 Updating 20250407...
2026-01-06 20:28:41,210 - INFO - 🔄 Updating 20250255...
2026-01-06 20:28:41,509 - ERROR - Error fetching 20250407 (Attempt 1): 502 Server Error: Unexpected Status 502 (no_peer) for url: https://handasi.complot.co.il/magicscripts/mgrqispi.dll?appname=cixpa&prgname=GetBakashaFile&siteid=81&b=20250407&arguments=siteid,b
2026-01-06 20:28:41,880 - INFO - 🔄 Updating 20250171...
2026-01-06 20:28:42,008 - INFO - 🔄 Updating 20250807...
2026-01-06 20:28:42,575 - INFO - 🔄 Updating 20250814...
2026-01-06 20:28:42,722 - INFO - 🔄 Updating 20250815...
2026-01-06 20:28:43,021 - ERROR - Error fetching 20250807 (Attempt 1): 502 Server Error: Unexpected Status 502 (no_peer) for url: https://handasi.complot.co.il/magicscripts/mgrqispi.dll?appname=cixpa&prgname=GetBakashaFile&siteid=81&b=20250807&arguments=siteid,b
2026-01-06 20:28:43,316 - INFO - 🔄 Updating 20250659...
2026-01-06 20:28:44,076 - INFO - 🔄 Updating 20250817...
2026-01-06 20:28:44,076 - INFO - Progress: 70/179
2026-01-06 20:28:44,314 - INFO - 🔄 Updating 20250818...
2026-01-06 20:28:44,882 - INFO - 🔄 Updating 20250816...
2026-01-06 20:28:44,885 - INFO - 🔄 Updating 20250351...
2026-01-06 20:28:45,673 - INFO - 🔄 Updating 20250377...
2026-01-06 20:28:45,723 - INFO - 🔄 Updating 20250825...
2026-01-06 20:28:47,085 - INFO - 🔄 Updating 20250633...
2026-01-06 20:28:47,085 - INFO - 🔄 Updating 20250653...
2026-01-06 20:28:47,614 - INFO - 🔄 Updating 20250666...
2026-01-06 20:28:48,125 - INFO - 🔄 Updating 20250692...
2026-01-06 20:28:48,452 - INFO - 🔄 Updating 20250759...
2026-01-06 20:28:48,452 - INFO - Progress: 80/179
2026-01-06 20:28:49,445 - INFO - 🔄 Updating 20250661...
2026-01-06 20:28:49,649 - INFO - 🔄 Updating 20250144...
2026-01-06 20:28:50,155 - INFO - 🔄 Updating 20250405...
2026-01-06 20:28:50,342 - INFO - 🔄 Updating 20250553...
2026-01-06 20:28:50,732 - INFO - 🔄 Updating 20250490...
2026-01-06 20:28:50,884 - INFO - 🔄 Updating 20250486...
2026-01-06 20:28:51,717 - INFO - 🔄 Updating 20250186...
2026-01-06 20:28:51,820 - INFO - 🔄 Updating 20250505...
2026-01-06 20:28:52,045 - INFO - 🔄 Updating 20250664...
2026-01-06 20:28:52,080 - INFO - 🔄 Updating 20250521...
2026-01-06 20:28:52,080 - INFO - Progress: 90/179
2026-01-06 20:28:52,838 - INFO - 🔄 Updating 20250376...
2026-01-06 20:28:53,317 - INFO - 🔄 Updating 20250687...
2026-01-06 20:28:53,344 - INFO - 🔄 Updating 20250279...
2026-01-06 20:28:53,345 - INFO - 🔄 Updating 20250220...
2026-01-06 20:28:53,551 - INFO - 🔄 Updating 20250289...
2026-01-06 20:28:54,248 - INFO - 🔄 Updating 20250323...
2026-01-06 20:28:55,094 - INFO - 🔄 Updating 20250648...
2026-01-06 20:28:55,313 - INFO - 🔄 Updating 20250646...
2026-01-06 20:28:55,313 - INFO - 🔄 Updating 20250457...
2026-01-06 20:28:55,464 - INFO - 🔄 Updating 20250592...
2026-01-06 20:28:55,464 - INFO - Progress: 100/179
2026-01-06 20:28:56,160 - INFO - 🔄 Updating 20250606...
2026-01-06 20:28:56,707 - INFO - 🔄 Updating 20250453...
2026-01-06 20:28:56,732 - INFO - 🔄 Updating 20250545...
2026-01-06 20:28:57,074 - INFO - 🔄 Updating 20250525...
2026-01-06 20:28:57,324 - INFO - 🔄 Updating 20250436...
2026-01-06 20:28:57,772 - INFO - 🔄 Updating 20250543...
2026-01-06 20:28:58,182 - INFO - 🔄 Updating 20250392...
2026-01-06 20:28:58,472 - INFO - 🔄 Updating 20250387...
2026-01-06 20:28:58,554 - INFO - 🔄 Updating 20250451...
2026-01-06 20:28:58,928 - INFO - 🔄 Updating 20250480...
2026-01-06 20:28:58,928 - INFO - Progress: 110/179
2026-01-06 20:28:59,129 - INFO - 🔄 Updating 20250411...
2026-01-06 20:29:00,925 - INFO - 🔄 Updating 20250403...
2026-01-06 20:29:00,953 - INFO - 🔄 Updating 20250393...
2026-01-06 20:29:01,210 - INFO - 🔄 Updating 20250388...
2026-01-06 20:29:01,508 - ERROR - Error fetching 20250392 (Attempt 1): 502 Server Error: Unexpected Status 502 (a2a_tun_open.a2a_exception.probe_timeout) for url: https://handasi.complot.co.il/magicscripts/mgrqispi.dll?appname=cixpa&prgname=GetBakashaFile&siteid=81&b=20250392&arguments=siteid,b
2026-01-06 20:29:02,029 - INFO - 🔄 Updating 20250427...
2026-01-06 20:29:02,800 - INFO - 🔄 Updating 20250416...
2026-01-06 20:29:02,867 - INFO - 🔄 Updating 20250374...
2026-01-06 20:29:03,198 - INFO - 🔄 Updating 20250398...
2026-01-06 20:29:04,070 - INFO - 🔄 Updating 20250408...
2026-01-06 20:29:04,651 - INFO - 🔄 Updating 20250491...
2026-01-06 20:29:04,651 - INFO - Progress: 120/179
2026-01-06 20:29:04,921 - INFO - 🔄 Updating 20250344...
2026-01-06 20:29:05,422 - INFO - 🔄 Updating 20250492...
2026-01-06 20:29:05,873 - INFO - 🔄 Updating 20250487...
2026-01-06 20:29:06,297 - INFO - 🔄 Updating 20250483...
2026-01-06 20:29:06,309 - INFO - 🔄 Updating 20250277...
2026-01-06 20:29:06,330 - INFO - 🔄 Updating 20250283...
2026-01-06 20:29:06,742 - INFO - 🔄 Updating 20250349...
2026-01-06 20:29:07,194 - INFO - 🔄 Updating 20250261...
2026-01-06 20:29:07,677 - INFO - 🔄 Updating 20250152...
2026-01-06 20:29:07,678 - INFO - 🔄 Updating 20250325...
2026-01-06 20:29:07,678 - INFO - Progress: 130/179
2026-01-06 20:29:07,832 - INFO - 🔄 Updating 20250313...
2026-01-06 20:29:09,121 - INFO - 🔄 Updating 20250345...
2026-01-06 20:29:09,524 - INFO - 🔄 Updating 20250270...
2026-01-06 20:29:09,527 - INFO - 🔄 Updating 20250254...
2026-01-06 20:29:09,985 - INFO - 🔄 Updating 20250241...
2026-01-06 20:29:10,429 - INFO - 🔄 Updating 20250259...
2026-01-06 20:29:10,449 - INFO - 🔄 Updating 20250197...
2026-01-06 20:29:11,057 - INFO - 🔄 Updating 20250263...
2026-01-06 20:29:11,058 - INFO - 🔄 Updating 20250219...
2026-01-06 20:29:11,692 - INFO - 🔄 Updating 20250286...
2026-01-06 20:29:11,692 - INFO - Progress: 140/179
2026-01-06 20:29:11,693 - INFO - 🔄 Updating 20250196...
2026-01-06 20:29:12,371 - INFO - 🔄 Updating 20250192...
2026-01-06 20:29:12,958 - INFO - 🔄 Updating 20250194...
2026-01-06 20:29:13,363 - INFO - 🔄 Updating 20250175...
2026-01-06 20:29:13,717 - INFO - 🔄 Updating 20250303...
2026-01-06 20:29:14,078 - INFO - 🔄 Updating 20250172...
2026-01-06 20:29:14,609 - INFO - 🔄 Updating 20250183...
2026-01-06 20:29:14,997 - INFO - 🔄 Updating 20250113...
2026-01-06 20:29:15,313 - INFO - 🔄 Updating 20250165...
2026-01-06 20:29:15,313 - INFO - Progress: 150/179
2026-01-06 20:29:15,918 - INFO - 🔄 Updating 20250242...
2026-01-06 20:29:16,378 - INFO - 🔄 Updating 20250191...
2026-01-06 20:29:16,565 - INFO - 🔄 Updating 20250141...
2026-01-06 20:29:16,743 - INFO - 🔄 Updating 20250173...
2026-01-06 20:29:16,955 - INFO - 🔄 Updating 20250160...
2026-01-06 20:29:17,197 - INFO - 🔄 Updating 20250033...
2026-01-06 20:29:18,073 - INFO - 🔄 Updating 20250128...
2026-01-06 20:29:18,114 - INFO - 🔄 Updating 20250126...
2026-01-06 20:29:18,142 - INFO - 🔄 Updating 20250134...
2026-01-06 20:29:18,311 - INFO - 🔄 Updating 20250121...
2026-01-06 20:29:18,311 - INFO - Progress: 160/179
2026-01-06 20:29:18,675 - INFO - 🔄 Updating 20250123...
2026-01-06 20:29:19,467 - INFO - 🔄 Updating 20250127...
2026-01-06 20:29:19,590 - INFO - 🔄 Updating 20250114...
2026-01-06 20:29:19,610 - INFO - 🔄 Updating 20250098...
2026-01-06 20:29:19,611 - INFO - 🔄 Updating 20250176...
2026-01-06 20:29:20,957 - INFO - 🔄 Updating 20250125...
2026-01-06 20:29:22,112 - INFO - 🔄 Updating 20250079...
2026-01-06 20:29:22,172 - INFO - 🔄 Updating 20250091...
2026-01-06 20:29:22,685 - INFO - 🔄 Updating 20250069...
2026-01-06 20:29:23,712 - INFO - 🔄 Updating 20250124...
2026-01-06 20:29:23,712 - INFO - Progress: 170/179
2026-01-06 20:29:23,943 - INFO - 🔄 Updating 20250080...
2026-01-06 20:29:26,667 - INFO - 🔄 Updating 20250063...
2026-01-06 20:29:27,186 - INFO - 🔄 Updating 20250029...
2026-01-06 20:29:27,896 - INFO - 🔄 Updating 20250012...
2026-01-06 20:29:32,562 - INFO - All tasks completed.
2026-01-06 20:29:32,562 - INFO - Converting daily_update_temp.jsonl to bat_yam_permits_data_2026_01_06.json...
2026-01-06 20:29:32,576 - INFO - ✅ Saved 179 permits to bat_yam_permits_data_2026_01_06.json
2026-01-06 20:29:32,578 - INFO - Deleted temporary JSONL file.
2026-01-06 20:29:32,578 - INFO - 🧹 Cleaned opportunities.json for next use.
2026-01-06 20:29:32,578 - INFO - Done.
